<?xml version="1.0" encoding="UTF-8" ?>
<testsuite failures="0" time="0.105" errors="0" skipped="0" tests="18" name="org.jfree.chart.renderer.category.BoxAndWhiskerRendererTest">
  <properties>
[...]
</properties>
  <testcase time="0.014" classname="org.jfree.chart.renderer.category.BoxAndWhiskerRendererTest" name="testDrawWithNullInfo"/>
  <testcase time="0.007" classname="org.jfree.chart.renderer.category.BoxAndWhiskerRendererTest" name="testDrawWithNullMean"/>
  <testcase time="0.008" classname="org.jfree.chart.renderer.category.BoxAndWhiskerRendererTest" name="testDrawWithNullMinRegular"/>
  <testcase time="0.002" classname="org.jfree.chart.renderer.category.BoxAndWhiskerRendererTest" name="testSerialization"/>
  <testcase time="0.008" classname="org.jfree.chart.renderer.category.BoxAndWhiskerRendererTest" name="testBug1572478Vertical"/>
  <testcase time="0" classname="org.jfree.chart.renderer.category.BoxAndWhiskerRendererTest" name="testPublicCloneable"/>
  <testcase time="0.008" classname="org.jfree.chart.renderer.category.BoxAndWhiskerRendererTest" name="testDrawWithNullMedian"/>
  <testcase time="0.007" classname="org.jfree.chart.renderer.category.BoxAndWhiskerRendererTest" name="testDrawWithNullMaxRegular"/>
  <testcase time="0.002" classname="org.jfree.chart.renderer.category.BoxAndWhiskerRendererTest" name="testGetLegendItemSeriesIndex"/>
  <testcase time="0.008" classname="org.jfree.chart.renderer.category.BoxAndWhiskerRendererTest" name="testDrawWithNullMinOutlier"/>
  <testcase time="0" classname="org.jfree.chart.renderer.category.BoxAndWhiskerRendererTest" name="testCloning"/>
  <testcase time="0" classname="org.jfree.chart.renderer.category.BoxAndWhiskerRendererTest" name="testHashcode"/>
  <testcase time="0.008" classname="org.jfree.chart.renderer.category.BoxAndWhiskerRendererTest" name="testDrawWithNullQ1"/>
  <testcase time="0.008" classname="org.jfree.chart.renderer.category.BoxAndWhiskerRendererTest" name="testDrawWithNullQ3"/>
  <testcase time="0" classname="org.jfree.chart.renderer.category.BoxAndWhiskerRendererTest" name="testEquals"/>
  <testcase time="0.001" classname="org.jfree.chart.renderer.category.BoxAndWhiskerRendererTest" name="testGetLegendItem"/>
  <testcase time="0.008" classname="org.jfree.chart.renderer.category.BoxAndWhiskerRendererTest" name="testBug1572478Horizontal"/>
  <testcase time="0.014" classname="org.jfree.chart.renderer.category.BoxAndWhiskerRendererTest" name="testDrawWithNullMaxOutlier"/>
</testsuite>