<?xml version="1.0" encoding="UTF-8" ?>
<testsuite tests="14" failures="1" name="org.jfree.chart.ChartPanelTest" time="0.233" errors="0" skipped="0">
  <properties>
[...]
</properties>
  <testcase classname="org.jfree.chart.ChartPanelTest" name="test2502355_restoreAutoDomainBounds" time="0.07"/>
  <testcase classname="org.jfree.chart.ChartPanelTest" name="testConstructor1" time="0.028"/>
  <testcase classname="org.jfree.chart.ChartPanelTest" name="test2502355_zoomOutBoth" time="0.009"/>
  <testcase classname="org.jfree.chart.ChartPanelTest" name="test2502355_zoomInDomain" time="0.02"/>
  <testcase classname="org.jfree.chart.ChartPanelTest" name="testGetListeners" time="0.008"/>
  <testcase classname="org.jfree.chart.ChartPanelTest" name="test2502355_restoreAutoBounds" time="0.012"/>
  <testcase classname="org.jfree.chart.ChartPanelTest" name="test2502355_zoomInBoth" time="0.01"/>
  <testcase classname="org.jfree.chart.ChartPanelTest" name="test2502355_zoomOutRange" time="0.019">
    <failure message="expected:&lt;1&gt; but was:&lt;3&gt;" type="java.lang.AssertionError">java.lang.AssertionError: expected:&lt;1&gt; but was:&lt;3&gt;
	at org.junit.Assert.fail(Assert.java:88)
	at org.junit.Assert.failNotEquals(Assert.java:743)
	at org.junit.Assert.assertEquals(Assert.java:118)
	at org.junit.Assert.assertEquals(Assert.java:555)
	at org.junit.Assert.assertEquals(Assert.java:542)
	at org.jfree.chart.ChartPanelTest.test2502355_zoomOutRange(ChartPanelTest.java:290)
	at sun.reflect.NativeMethodAccessorImpl.invoke0(Native Method)
	at sun.reflect.NativeMethodAccessorImpl.invoke(Unknown Source)
	at sun.reflect.DelegatingMethodAccessorImpl.invoke(Unknown Source)
	at java.lang.reflect.Method.invoke(Unknown Source)
	at org.junit.runners.model.FrameworkMethod$1.runReflectiveCall(FrameworkMethod.java:47)
	at org.junit.internal.runners.model.ReflectiveCallable.run(ReflectiveCallable.java:12)
	at org.junit.runners.model.FrameworkMethod.invokeExplosively(FrameworkMethod.java:44)
	at org.junit.internal.runners.statements.InvokeMethod.evaluate(InvokeMethod.java:17)
	at org.junit.runners.ParentRunner.runLeaf(ParentRunner.java:271)
	at org.junit.runners.BlockJUnit4ClassRunner.runChild(BlockJUnit4ClassRunner.java:70)
	at org.junit.runners.BlockJUnit4ClassRunner.runChild(BlockJUnit4ClassRunner.java:50)
	at org.junit.runners.ParentRunner$3.run(ParentRunner.java:238)
	at org.junit.runners.ParentRunner$1.schedule(ParentRunner.java:63)
	at org.junit.runners.ParentRunner.runChildren(ParentRunner.java:236)
	at org.junit.runners.ParentRunner.access$000(ParentRunner.java:53)
	at org.junit.runners.ParentRunner$2.evaluate(ParentRunner.java:229)
	at org.junit.runners.ParentRunner.run(ParentRunner.java:309)
	at org.apache.maven.surefire.junit4.JUnit4TestSet.execute(JUnit4TestSet.java:53)
	at org.apache.maven.surefire.junit4.JUnit4Provider.executeTestSet(JUnit4Provider.java:123)
	at org.apache.maven.surefire.junit4.JUnit4Provider.invoke(JUnit4Provider.java:104)
	at sun.reflect.NativeMethodAccessorImpl.invoke0(Native Method)
	at sun.reflect.NativeMethodAccessorImpl.invoke(Unknown Source)
	at sun.reflect.DelegatingMethodAccessorImpl.invoke(Unknown Source)
	at java.lang.reflect.Method.invoke(Unknown Source)
	at org.apache.maven.surefire.util.ReflectionUtils.invokeMethodWithArray(ReflectionUtils.java:164)
	at org.apache.maven.surefire.booter.ProviderFactory$ProviderProxy.invoke(ProviderFactory.java:110)
	at org.apache.maven.surefire.booter.SurefireStarter.invokeProvider(SurefireStarter.java:175)
	at org.apache.maven.surefire.booter.SurefireStarter.runSuitesInProcessWhenForked(SurefireStarter.java:107)
	at org.apache.maven.surefire.booter.ForkedBooter.main(ForkedBooter.java:68)
</failure>
  </testcase>
  <testcase classname="org.jfree.chart.ChartPanelTest" name="test2502355_restoreAutoRangeBounds" time="0.017"/>
  <testcase classname="org.jfree.chart.ChartPanelTest" name="test2502355_zoom" time="0.007"/>
  <testcase classname="org.jfree.chart.ChartPanelTest" name="test2502355_zoomOutDomain" time="0.006"/>
  <testcase classname="org.jfree.chart.ChartPanelTest" name="testSetMouseWheelEnabled" time="0.007"/>
  <testcase classname="org.jfree.chart.ChartPanelTest" name="test2502355_zoomInRange" time="0.013"/>
  <testcase classname="org.jfree.chart.ChartPanelTest" name="testSetChart" time="0"/>
</testsuite>